Game Tracker started...
Dot consumer started...
Action consumer started...
Dot appeared: {'event_type': 'dot_appeared', 'position': [3, 1], 'timestamp': '2025-12-17T22:02:19.734892'}

=== GAME STATE ===
Score: 0
Misses: 0
Total Dots: 1
Game Duration: 0.14 seconds
Accuracy: 0.00%
==================

Dot appeared: {'event_type': 'dot_appeared', 'position': [2, 3], 'timestamp': '2025-12-17T22:02:21.847540'}

=== GAME STATE ===
Score: 0
Misses: 0
Total Dots: 2
Game Duration: 2.13 seconds
Accuracy: 0.00%
==================

Dot appeared: {'event_type': 'dot_appeared', 'position': [1, 0], 'timestamp': '2025-12-17T22:02:23.307152'}

=== GAME STATE ===
Score: 0
Misses: 0
Total Dots: 3
Game Duration: 3.59 seconds
Accuracy: 0.00%
==================

Dot appeared: {'event_type': 'dot_appeared', 'position': [0, 4], 'timestamp': '2025-12-17T22:02:24.780577'}

=== GAME STATE ===
Score: 0
Misses: 0
Total Dots: 4
Game Duration: 5.06 seconds
Accuracy: 0.00%
==================

Dot appeared: {'event_type': 'dot_appeared', 'position': [2, 1], 'timestamp': '2025-12-17T22:02:25.527599'}

=== GAME STATE ===
Score: 0
Misses: 0
Total Dots: 5
Game Duration: 5.80 seconds
Accuracy: 0.00%
==================

Dot appeared: {'event_type': 'dot_appeared', 'position': [0, 4], 'timestamp': '2025-12-17T22:02:27.313731'}

=== GAME STATE ===
Score: 0
Misses: 0
Total Dots: 6
Game Duration: 7.59 seconds
Accuracy: 0.00%
==================

Dot appeared: {'event_type': 'dot_appeared', 'position': [4, 4], 'timestamp': '2025-12-17T22:02:28.590888'}

=== GAME STATE ===
Score: 0
Misses: 0
Total Dots: 7
Game Duration: 8.87 seconds
Accuracy: 0.00%
==================

Dot appeared: {'event_type': 'dot_appeared', 'position': [3, 2], 'timestamp': '2025-12-17T22:02:30.353961'}

=== GAME STATE ===
Score: 0
Misses: 0
Total Dots: 8
Game Duration: 10.63 seconds
Accuracy: 0.00%
==================

Dot appeared: {'event_type': 'dot_appeared', 'position': [0, 3], 'timestamp': '2025-12-17T22:02:31.730873'}

=== GAME STATE ===
Score: 0
Misses: 0
Total Dots: 9
Game Duration: 12.01 seconds
Accuracy: 0.00%
==================

Dot appeared: {'event_type': 'dot_appeared', 'position': [0, 4], 'timestamp': '2025-12-17T22:02:32.612718'}

=== GAME STATE ===
Score: 0
Misses: 0
Total Dots: 10
Game Duration: 12.89 seconds
Accuracy: 0.00%
==================

Dot appeared: {'event_type': 'dot_appeared', 'position': [3, 1], 'timestamp': '2025-12-17T22:02:33.856257'}

=== GAME STATE ===
Score: 0
Misses: 0
Total Dots: 11
Game Duration: 14.13 seconds
Accuracy: 0.00%
==================

Dot appeared: {'event_type': 'dot_appeared', 'position': [1, 3], 'timestamp': '2025-12-17T22:02:34.820620'}

=== GAME STATE ===
Score: 0
Misses: 0
Total Dots: 12
Game Duration: 15.10 seconds
Accuracy: 0.00%
==================

Dot appeared: {'event_type': 'dot_appeared', 'position': [4, 4], 'timestamp': '2025-12-17T22:02:35.453744'}

=== GAME STATE ===
Score: 0
Misses: 0
Total Dots: 13
Game Duration: 15.73 seconds
Accuracy: 0.00%
==================

Dot appeared: {'event_type': 'dot_appeared', 'position': [3, 1], 'timestamp': '2025-12-17T22:02:37.154555'}

=== GAME STATE ===
Score: 0
Misses: 0
Total Dots: 14
Game Duration: 17.43 seconds
Accuracy: 0.00%
==================

Dot appeared: {'event_type': 'dot_appeared', 'position': [2, 1], 'timestamp': '2025-12-17T22:02:38.327435'}

=== GAME STATE ===
Score: 0
Misses: 0
Total Dots: 15
Game Duration: 18.60 seconds
Accuracy: 0.00%
==================

Dot appeared: {'event_type': 'dot_appeared', 'position': [3, 0], 'timestamp': '2025-12-17T22:02:40.037288'}

=== GAME STATE ===
Score: 0
Misses: 0
Total Dots: 16
Game Duration: 20.31 seconds
Accuracy: 0.00%
==================

Dot appeared: {'event_type': 'dot_appeared', 'position': [2, 2], 'timestamp': '2025-12-17T22:02:41.618389'}

=== GAME STATE ===
Score: 0
Misses: 0
Total Dots: 17
Game Duration: 21.90 seconds
Accuracy: 0.00%
==================

Dot appeared: {'event_type': 'dot_appeared', 'position': [2, 3], 'timestamp': '2025-12-17T22:02:42.943047'}

=== GAME STATE ===
Score: 0
Misses: 0
Total Dots: 18
Game Duration: 23.22 seconds
Accuracy: 0.00%
==================

Dot appeared: {'event_type': 'dot_appeared', 'position': [2, 3], 'timestamp': '2025-12-17T22:02:44.240945'}

=== GAME STATE ===
Score: 0
Misses: 0
Total Dots: 19
Game Duration: 24.52 seconds
Accuracy: 0.00%
==================

Dot appeared: {'event_type': 'dot_appeared', 'position': [4, 0], 'timestamp': '2025-12-17T22:02:45.457957'}

=== GAME STATE ===
Score: 0
Misses: 0
Total Dots: 20
Game Duration: 25.73 seconds
Accuracy: 0.00%
==================

Dot appeared: {'event_type': 'dot_appeared', 'position': [0, 0], 'timestamp': '2025-12-17T22:02:47.407523'}

=== GAME STATE ===
Score: 0
Misses: 0
Total Dots: 21
Game Duration: 27.69 seconds
Accuracy: 0.00%
==================

Dot appeared: {'event_type': 'dot_appeared', 'position': [1, 0], 'timestamp': '2025-12-17T22:02:48.160532'}

=== GAME STATE ===
Score: 0
Misses: 0
Total Dots: 22
Game Duration: 28.43 seconds
Accuracy: 0.00%
==================

Dot appeared: {'event_type': 'dot_appeared', 'position': [3, 1], 'timestamp': '2025-12-17T22:02:49.235749'}

=== GAME STATE ===
Score: 0
Misses: 0
Total Dots: 23
Game Duration: 29.51 seconds
Accuracy: 0.00%
==================

Dot appeared: {'event_type': 'dot_appeared', 'position': [0, 2], 'timestamp': '2025-12-17T22:02:50.169842'}

=== GAME STATE ===
Score: 0
Misses: 0
Total Dots: 24
Game Duration: 30.45 seconds
Accuracy: 0.00%
==================

Dot appeared: {'event_type': 'dot_appeared', 'position': [0, 1], 'timestamp': '2025-12-17T22:02:50.877719'}

=== GAME STATE ===
Score: 0
Misses: 0
Total Dots: 25
Game Duration: 31.15 seconds
Accuracy: 0.00%
==================

Dot appeared: {'event_type': 'dot_appeared', 'position': [4, 0], 'timestamp': '2025-12-17T22:02:51.631503'}

=== GAME STATE ===
Score: 0
Misses: 0
Total Dots: 26
Game Duration: 31.91 seconds
Accuracy: 0.00%
==================

Dot appeared: {'event_type': 'dot_appeared', 'position': [3, 3], 'timestamp': '2025-12-17T22:02:52.382480'}

=== GAME STATE ===
Score: 0
Misses: 0
Total Dots: 27
Game Duration: 32.66 seconds
Accuracy: 0.00%
==================

Dot appeared: {'event_type': 'dot_appeared', 'position': [4, 4], 'timestamp': '2025-12-17T22:02:54.085861'}

=== GAME STATE ===
Score: 0
Misses: 0
Total Dots: 28
Game Duration: 34.36 seconds
Accuracy: 0.00%
==================

Dot appeared: {'event_type': 'dot_appeared', 'position': [3, 1], 'timestamp': '2025-12-17T22:02:55.224615'}

=== GAME STATE ===
Score: 0
Misses: 0
Total Dots: 29
Game Duration: 35.50 seconds
Accuracy: 0.00%
==================

Dot appeared: {'event_type': 'dot_appeared', 'position': [1, 0], 'timestamp': '2025-12-17T22:02:56.118454'}

=== GAME STATE ===
Score: 0
Misses: 0
Total Dots: 30
Game Duration: 36.40 seconds
Accuracy: 0.00%
==================

Dot appeared: {'event_type': 'dot_appeared', 'position': [2, 4], 'timestamp': '2025-12-17T22:02:57.339167'}

=== GAME STATE ===
Score: 0
Misses: 0
Total Dots: 31
Game Duration: 37.62 seconds
Accuracy: 0.00%
==================

Dot appeared: {'event_type': 'dot_appeared', 'position': [0, 2], 'timestamp': '2025-12-17T22:02:59.283321'}

=== GAME STATE ===
Score: 0
Misses: 0
Total Dots: 32
Game Duration: 39.57 seconds
Accuracy: 0.00%
==================

Dot appeared: {'event_type': 'dot_appeared', 'position': [3, 0], 'timestamp': '2025-12-17T22:03:01.189393'}

=== GAME STATE ===
Score: 0
Misses: 0
Total Dots: 33
Game Duration: 41.47 seconds
Accuracy: 0.00%
==================

Dot appeared: {'event_type': 'dot_appeared', 'position': [4, 2], 'timestamp': '2025-12-17T22:03:02.300072'}

=== GAME STATE ===
Score: 0
Misses: 0
Total Dots: 34
Game Duration: 42.58 seconds
Accuracy: 0.00%
==================

Dot appeared: {'event_type': 'dot_appeared', 'position': [3, 1], 'timestamp': '2025-12-17T22:03:04.213252'}

=== GAME STATE ===
Score: 0
Misses: 0
Total Dots: 35
Game Duration: 44.49 seconds
Accuracy: 0.00%
==================

Dot appeared: {'event_type': 'dot_appeared', 'position': [3, 3], 'timestamp': '2025-12-17T22:03:05.415216'}

=== GAME STATE ===
Score: 0
Misses: 0
Total Dots: 36
Game Duration: 45.69 seconds
Accuracy: 0.00%
==================

Dot appeared: {'event_type': 'dot_appeared', 'position': [3, 3], 'timestamp': '2025-12-17T22:03:06.010397'}

=== GAME STATE ===
Score: 0
Misses: 0
Total Dots: 37
Game Duration: 46.29 seconds
Accuracy: 0.00%
==================

Dot appeared: {'event_type': 'dot_appeared', 'position': [3, 2], 'timestamp': '2025-12-17T22:03:07.667037'}

=== GAME STATE ===
Score: 0
Misses: 0
Total Dots: 38
Game Duration: 47.95 seconds
Accuracy: 0.00%
==================

Dot appeared: {'event_type': 'dot_appeared', 'position': [4, 3], 'timestamp': '2025-12-17T22:03:09.311418'}

=== GAME STATE ===
Score: 0
Misses: 0
Total Dots: 39
Game Duration: 49.59 seconds
Accuracy: 0.00%
==================

Dot appeared: {'event_type': 'dot_appeared', 'position': [3, 3], 'timestamp': '2025-12-17T22:03:10.654529'}

=== GAME STATE ===
Score: 0
Misses: 0
Total Dots: 40
Game Duration: 50.93 seconds
Accuracy: 0.00%
==================

Dot appeared: {'event_type': 'dot_appeared', 'position': [0, 0], 'timestamp': '2025-12-17T22:03:12.037882'}

=== GAME STATE ===
Score: 0
Misses: 0
Total Dots: 41
Game Duration: 52.32 seconds
Accuracy: 0.00%
==================

Dot appeared: {'event_type': 'dot_appeared', 'position': [2, 1], 'timestamp': '2025-12-17T22:03:12.953852'}

=== GAME STATE ===
Score: 0
Misses: 0
Total Dots: 42
Game Duration: 53.23 seconds
Accuracy: 0.00%
==================

Dot appeared: {'event_type': 'dot_appeared', 'position': [1, 3], 'timestamp': '2025-12-17T22:03:14.512706'}

=== GAME STATE ===
Score: 0
Misses: 0
Total Dots: 43
Game Duration: 54.79 seconds
Accuracy: 0.00%
==================

Dot appeared: {'event_type': 'dot_appeared', 'position': [0, 0], 'timestamp': '2025-12-17T22:03:16.038118'}

=== GAME STATE ===
Score: 0
Misses: 0
Total Dots: 44
Game Duration: 56.31 seconds
Accuracy: 0.00%
==================

Dot appeared: {'event_type': 'dot_appeared', 'position': [1, 2], 'timestamp': '2025-12-17T22:03:17.824001'}

=== GAME STATE ===
Score: 0
Misses: 0
Total Dots: 45
Game Duration: 58.10 seconds
Accuracy: 0.00%
==================

Dot appeared: {'event_type': 'dot_appeared', 'position': [3, 4], 'timestamp': '2025-12-17T22:03:19.589575'}

=== GAME STATE ===
Score: 0
Misses: 0
Total Dots: 46
Game Duration: 59.87 seconds
Accuracy: 0.00%
==================

Dot appeared: {'event_type': 'dot_appeared', 'position': [3, 3], 'timestamp': '2025-12-17T22:03:21.433539'}

=== GAME STATE ===
Score: 0
Misses: 0
Total Dots: 47
Game Duration: 61.71 seconds
Accuracy: 0.00%
==================

Dot appeared: {'event_type': 'dot_appeared', 'position': [3, 1], 'timestamp': '2025-12-17T22:03:22.538453'}

=== GAME STATE ===
Score: 0
Misses: 0
Total Dots: 48
Game Duration: 62.82 seconds
Accuracy: 0.00%
==================

Dot appeared: {'event_type': 'dot_appeared', 'position': [1, 2], 'timestamp': '2025-12-17T22:03:24.517463'}

=== GAME STATE ===
Score: 0
Misses: 0
Total Dots: 49
Game Duration: 64.79 seconds
Accuracy: 0.00%
==================

Dot appeared: {'event_type': 'dot_appeared', 'position': [1, 1], 'timestamp': '2025-12-17T22:03:25.712875'}

=== GAME STATE ===
Score: 0
Misses: 0
Total Dots: 50
Game Duration: 65.99 seconds
Accuracy: 0.00%
==================

Dot appeared: {'event_type': 'dot_appeared', 'position': [2, 0], 'timestamp': '2025-12-17T22:03:26.424525'}

=== GAME STATE ===
Score: 0
Misses: 0
Total Dots: 51
Game Duration: 66.71 seconds
Accuracy: 0.00%
==================

Dot appeared: {'event_type': 'dot_appeared', 'position': [1, 1], 'timestamp': '2025-12-17T22:03:28.333038'}

=== GAME STATE ===
Score: 0
Misses: 0
Total Dots: 52
Game Duration: 68.61 seconds
Accuracy: 0.00%
==================

Dot appeared: {'event_type': 'dot_appeared', 'position': [4, 2], 'timestamp': '2025-12-17T22:03:29.244740'}

=== GAME STATE ===
Score: 0
Misses: 0
Total Dots: 53
Game Duration: 69.52 seconds
Accuracy: 0.00%
==================

Dot appeared: {'event_type': 'dot_appeared', 'position': [1, 2], 'timestamp': '2025-12-17T22:03:29.788801'}

=== GAME STATE ===
Score: 0
Misses: 0
Total Dots: 54
Game Duration: 70.07 seconds
Accuracy: 0.00%
==================

Dot appeared: {'event_type': 'dot_appeared', 'position': [1, 1], 'timestamp': '2025-12-17T22:03:31.450775'}

=== GAME STATE ===
Score: 0
Misses: 0
Total Dots: 55
Game Duration: 71.73 seconds
Accuracy: 0.00%
==================

Dot appeared: {'event_type': 'dot_appeared', 'position': [1, 4], 'timestamp': '2025-12-17T22:03:32.797066'}

=== GAME STATE ===
Score: 0
Misses: 0
Total Dots: 56
Game Duration: 73.07 seconds
Accuracy: 0.00%
==================

Dot appeared: {'event_type': 'dot_appeared', 'position': [3, 1], 'timestamp': '2025-12-17T22:03:34.430036'}

=== GAME STATE ===
Score: 0
Misses: 0
Total Dots: 57
Game Duration: 74.71 seconds
Accuracy: 0.00%
==================

Dot appeared: {'event_type': 'dot_appeared', 'position': [1, 3], 'timestamp': '2025-12-17T22:03:35.154105'}

=== GAME STATE ===
Score: 0
Misses: 0
Total Dots: 58
Game Duration: 75.43 seconds
Accuracy: 0.00%
==================

Dot appeared: {'event_type': 'dot_appeared', 'position': [2, 4], 'timestamp': '2025-12-17T22:03:36.171905'}

=== GAME STATE ===
Score: 0
Misses: 0
Total Dots: 59
Game Duration: 76.45 seconds
Accuracy: 0.00%
==================

Dot appeared: {'event_type': 'dot_appeared', 'position': [0, 1], 'timestamp': '2025-12-17T22:03:37.638017'}

=== GAME STATE ===
Score: 0
Misses: 0
Total Dots: 60
Game Duration: 77.91 seconds
Accuracy: 0.00%
==================

Dot appeared: {'event_type': 'dot_appeared', 'position': [0, 0], 'timestamp': '2025-12-17T22:03:39.016868'}

=== GAME STATE ===
Score: 0
Misses: 0
Total Dots: 61
Game Duration: 79.29 seconds
Accuracy: 0.00%
==================

Dot appeared: {'event_type': 'dot_appeared', 'position': [3, 2], 'timestamp': '2025-12-17T22:03:40.262432'}

=== GAME STATE ===
Score: 0
Misses: 0
Total Dots: 62
Game Duration: 80.54 seconds
Accuracy: 0.00%
==================

Dot appeared: {'event_type': 'dot_appeared', 'position': [3, 2], 'timestamp': '2025-12-17T22:03:41.988614'}

=== GAME STATE ===
Score: 0
Misses: 0
Total Dots: 63
Game Duration: 82.27 seconds
Accuracy: 0.00%
==================

Dot appeared: {'event_type': 'dot_appeared', 'position': [4, 0], 'timestamp': '2025-12-17T22:03:42.800933'}

=== GAME STATE ===
Score: 0
Misses: 0
Total Dots: 64
Game Duration: 83.08 seconds
Accuracy: 0.00%
==================

Dot appeared: {'event_type': 'dot_appeared', 'position': [4, 4], 'timestamp': '2025-12-17T22:03:43.634047'}

=== GAME STATE ===
Score: 0
Misses: 0
Total Dots: 65
Game Duration: 83.92 seconds
Accuracy: 0.00%
==================

Dot appeared: {'event_type': 'dot_appeared', 'position': [3, 3], 'timestamp': '2025-12-17T22:03:45.194076'}

=== GAME STATE ===
Score: 0
Misses: 0
Total Dots: 66
Game Duration: 85.47 seconds
Accuracy: 0.00%
==================

Dot appeared: {'event_type': 'dot_appeared', 'position': [3, 3], 'timestamp': '2025-12-17T22:03:45.738444'}

=== GAME STATE ===
Score: 0
Misses: 0
Total Dots: 67
Game Duration: 86.02 seconds
Accuracy: 0.00%
==================

Dot appeared: {'event_type': 'dot_appeared', 'position': [2, 3], 'timestamp': '2025-12-17T22:03:47.351961'}

=== GAME STATE ===
Score: 0
Misses: 0
Total Dots: 68
Game Duration: 87.63 seconds
Accuracy: 0.00%
==================

Dot appeared: {'event_type': 'dot_appeared', 'position': [4, 4], 'timestamp': '2025-12-17T22:03:48.961375'}

=== GAME STATE ===
Score: 0
Misses: 0
Total Dots: 69
Game Duration: 89.24 seconds
Accuracy: 0.00%
==================

Dot appeared: {'event_type': 'dot_appeared', 'position': [3, 3], 'timestamp': '2025-12-17T22:03:49.583734'}

=== GAME STATE ===
Score: 0
Misses: 0
Total Dots: 70
Game Duration: 89.86 seconds
Accuracy: 0.00%
==================

Dot appeared: {'event_type': 'dot_appeared', 'position': [4, 1], 'timestamp': '2025-12-17T22:03:50.613954'}

=== GAME STATE ===
Score: 0
Misses: 0
Total Dots: 71
Game Duration: 90.89 seconds
Accuracy: 0.00%
==================

Dot appeared: {'event_type': 'dot_appeared', 'position': [3, 2], 'timestamp': '2025-12-17T22:03:51.250869'}

=== GAME STATE ===
Score: 0
Misses: 0
Total Dots: 72
Game Duration: 91.53 seconds
Accuracy: 0.00%
==================
