(49099) wsgi starting up on http://0.0.0.0:5001
(49099) accepted ('127.0.0.1', 51214)
127.0.0.1 - - [17/Dec/2025 22:03:05] "GET / HTTP/1.1" 200 166 0.005762
127.0.0.1 - - [17/Dec/2025 22:03:05] "GET /favicon.ico HTTP/1.1" 404 355 0.002275
Received dot event: {'event_type': 'dot_appeared', 'position': [2, 3], 'timestamp': '2025-12-17T22:02:21.847540'}
Received dot event: {'event_type': 'dot_appeared', 'position': [1, 0], 'timestamp': '2025-12-17T22:02:23.307152'}
Received dot event: {'event_type': 'dot_appeared', 'position': [0, 4], 'timestamp': '2025-12-17T22:02:24.780577'}
Received dot event: {'event_type': 'dot_appeared', 'position': [2, 1], 'timestamp': '2025-12-17T22:02:25.527599'}
Received dot event: {'event_type': 'dot_appeared', 'position': [0, 4], 'timestamp': '2025-12-17T22:02:27.313731'}
Received dot event: {'event_type': 'dot_appeared', 'position': [4, 4], 'timestamp': '2025-12-17T22:02:28.590888'}
Received dot event: {'event_type': 'dot_appeared', 'position': [3, 2], 'timestamp': '2025-12-17T22:02:30.353961'}
Received dot event: {'event_type': 'dot_appeared', 'position': [0, 3], 'timestamp': '2025-12-17T22:02:31.730873'}
Received dot event: {'event_type': 'dot_appeared', 'position': [0, 4], 'timestamp': '2025-12-17T22:02:32.612718'}
Received dot event: {'event_type': 'dot_appeared', 'position': [3, 1], 'timestamp': '2025-12-17T22:02:33.856257'}
Received dot event: {'event_type': 'dot_appeared', 'position': [1, 3], 'timestamp': '2025-12-17T22:02:34.820620'}
Received dot event: {'event_type': 'dot_appeared', 'position': [4, 4], 'timestamp': '2025-12-17T22:02:35.453744'}
Received dot event: {'event_type': 'dot_appeared', 'position': [3, 1], 'timestamp': '2025-12-17T22:02:37.154555'}
Received dot event: {'event_type': 'dot_appeared', 'position': [2, 1], 'timestamp': '2025-12-17T22:02:38.327435'}
Received dot event: {'event_type': 'dot_appeared', 'position': [3, 0], 'timestamp': '2025-12-17T22:02:40.037288'}
Received dot event: {'event_type': 'dot_appeared', 'position': [2, 2], 'timestamp': '2025-12-17T22:02:41.618389'}
Received dot event: {'event_type': 'dot_appeared', 'position': [2, 3], 'timestamp': '2025-12-17T22:02:42.943047'}
Received dot event: {'event_type': 'dot_appeared', 'position': [2, 3], 'timestamp': '2025-12-17T22:02:44.240945'}
Received dot event: {'event_type': 'dot_appeared', 'position': [4, 0], 'timestamp': '2025-12-17T22:02:45.457957'}
Received dot event: {'event_type': 'dot_appeared', 'position': [0, 0], 'timestamp': '2025-12-17T22:02:47.407523'}
Received dot event: {'event_type': 'dot_appeared', 'position': [1, 0], 'timestamp': '2025-12-17T22:02:48.160532'}
Received dot event: {'event_type': 'dot_appeared', 'position': [3, 1], 'timestamp': '2025-12-17T22:02:49.235749'}
Received dot event: {'event_type': 'dot_appeared', 'position': [0, 2], 'timestamp': '2025-12-17T22:02:50.169842'}
Received dot event: {'event_type': 'dot_appeared', 'position': [0, 1], 'timestamp': '2025-12-17T22:02:50.877719'}
Received dot event: {'event_type': 'dot_appeared', 'position': [4, 0], 'timestamp': '2025-12-17T22:02:51.631503'}
Received dot event: {'event_type': 'dot_appeared', 'position': [3, 3], 'timestamp': '2025-12-17T22:02:52.382480'}
Received dot event: {'event_type': 'dot_appeared', 'position': [4, 4], 'timestamp': '2025-12-17T22:02:54.085861'}
Received dot event: {'event_type': 'dot_appeared', 'position': [3, 1], 'timestamp': '2025-12-17T22:02:55.224615'}
Received dot event: {'event_type': 'dot_appeared', 'position': [1, 0], 'timestamp': '2025-12-17T22:02:56.118454'}
Received dot event: {'event_type': 'dot_appeared', 'position': [2, 4], 'timestamp': '2025-12-17T22:02:57.339167'}
Received dot event: {'event_type': 'dot_appeared', 'position': [0, 2], 'timestamp': '2025-12-17T22:02:59.283321'}
Received dot event: {'event_type': 'dot_appeared', 'position': [3, 0], 'timestamp': '2025-12-17T22:03:01.189393'}
Received dot event: {'event_type': 'dot_appeared', 'position': [4, 2], 'timestamp': '2025-12-17T22:03:02.300072'}
Received dot event: {'event_type': 'dot_appeared', 'position': [3, 1], 'timestamp': '2025-12-17T22:03:04.213252'}
Received dot event: {'event_type': 'dot_appeared', 'position': [3, 3], 'timestamp': '2025-12-17T22:03:05.415216'}
Received dot event: {'event_type': 'dot_appeared', 'position': [3, 3], 'timestamp': '2025-12-17T22:03:06.010397'}
Received dot event: {'event_type': 'dot_appeared', 'position': [3, 2], 'timestamp': '2025-12-17T22:03:07.667037'}
Received dot event: {'event_type': 'dot_appeared', 'position': [4, 3], 'timestamp': '2025-12-17T22:03:09.311418'}
Received dot event: {'event_type': 'dot_appeared', 'position': [3, 3], 'timestamp': '2025-12-17T22:03:10.654529'}
Received dot event: {'event_type': 'dot_appeared', 'position': [0, 0], 'timestamp': '2025-12-17T22:03:12.037882'}
Received dot event: {'event_type': 'dot_appeared', 'position': [2, 1], 'timestamp': '2025-12-17T22:03:12.953852'}
Received dot event: {'event_type': 'dot_appeared', 'position': [1, 3], 'timestamp': '2025-12-17T22:03:14.512706'}
Received dot event: {'event_type': 'dot_appeared', 'position': [0, 0], 'timestamp': '2025-12-17T22:03:16.038118'}
Received dot event: {'event_type': 'dot_appeared', 'position': [1, 2], 'timestamp': '2025-12-17T22:03:17.824001'}
Received dot event: {'event_type': 'dot_appeared', 'position': [3, 4], 'timestamp': '2025-12-17T22:03:19.589575'}
Received dot event: {'event_type': 'dot_appeared', 'position': [3, 3], 'timestamp': '2025-12-17T22:03:21.433539'}
Received dot event: {'event_type': 'dot_appeared', 'position': [3, 1], 'timestamp': '2025-12-17T22:03:22.538453'}
Received dot event: {'event_type': 'dot_appeared', 'position': [1, 2], 'timestamp': '2025-12-17T22:03:24.517463'}
Received dot event: {'event_type': 'dot_appeared', 'position': [1, 1], 'timestamp': '2025-12-17T22:03:25.712875'}
Received dot event: {'event_type': 'dot_appeared', 'position': [2, 0], 'timestamp': '2025-12-17T22:03:26.424525'}
Received dot event: {'event_type': 'dot_appeared', 'position': [1, 1], 'timestamp': '2025-12-17T22:03:28.333038'}
Received dot event: {'event_type': 'dot_appeared', 'position': [4, 2], 'timestamp': '2025-12-17T22:03:29.244740'}
Received dot event: {'event_type': 'dot_appeared', 'position': [1, 2], 'timestamp': '2025-12-17T22:03:29.788801'}
Received dot event: {'event_type': 'dot_appeared', 'position': [1, 1], 'timestamp': '2025-12-17T22:03:31.450775'}
Received dot event: {'event_type': 'dot_appeared', 'position': [1, 4], 'timestamp': '2025-12-17T22:03:32.797066'}
Received dot event: {'event_type': 'dot_appeared', 'position': [3, 1], 'timestamp': '2025-12-17T22:03:34.430036'}
Received dot event: {'event_type': 'dot_appeared', 'position': [1, 3], 'timestamp': '2025-12-17T22:03:35.154105'}
Received dot event: {'event_type': 'dot_appeared', 'position': [2, 4], 'timestamp': '2025-12-17T22:03:36.171905'}
Received dot event: {'event_type': 'dot_appeared', 'position': [0, 1], 'timestamp': '2025-12-17T22:03:37.638017'}
Received dot event: {'event_type': 'dot_appeared', 'position': [0, 0], 'timestamp': '2025-12-17T22:03:39.016868'}
Received dot event: {'event_type': 'dot_appeared', 'position': [3, 2], 'timestamp': '2025-12-17T22:03:40.262432'}
Received dot event: {'event_type': 'dot_appeared', 'position': [3, 2], 'timestamp': '2025-12-17T22:03:41.988614'}
Received dot event: {'event_type': 'dot_appeared', 'position': [4, 0], 'timestamp': '2025-12-17T22:03:42.800933'}
Received dot event: {'event_type': 'dot_appeared', 'position': [4, 4], 'timestamp': '2025-12-17T22:03:43.634047'}
Received dot event: {'event_type': 'dot_appeared', 'position': [3, 3], 'timestamp': '2025-12-17T22:03:45.194076'}
Received dot event: {'event_type': 'dot_appeared', 'position': [3, 3], 'timestamp': '2025-12-17T22:03:45.738444'}
Received dot event: {'event_type': 'dot_appeared', 'position': [2, 3], 'timestamp': '2025-12-17T22:03:47.351961'}
Received dot event: {'event_type': 'dot_appeared', 'position': [4, 4], 'timestamp': '2025-12-17T22:03:48.961375'}
Received dot event: {'event_type': 'dot_appeared', 'position': [3, 3], 'timestamp': '2025-12-17T22:03:49.583734'}
Received dot event: {'event_type': 'dot_appeared', 'position': [4, 1], 'timestamp': '2025-12-17T22:03:50.613954'}
Received dot event: {'event_type': 'dot_appeared', 'position': [3, 2], 'timestamp': '2025-12-17T22:03:51.250869'}
Received dot event: {'event_type': 'dot_appeared', 'position': [0, 1], 'timestamp': '2025-12-17T22:03:52.477496'}/opt/homebrew/Caskroom/miniconda/base/lib/python3.13/multiprocessing/resource_tracker.py:301: UserWarning: resource_tracker: There appear to be 1 leaked semaphore objects to clean up at shutdown: {'/mp-g91vdqzi'}
  warnings.warn(
